<?xml version="1.0" encoding="UTF-8"?>
<!-- Generated by org.testng.reporters.JUnitXMLReporter -->
<testsuite hostname="CIN10089L" name="Command line test" tests="1" failures="1" timestamp="24 Apr 2019 09:22:32 GMT" time="0.024" errors="0">
  <testcase name="testSalutationMessage" time="0.008" classname="com.vg.testng.MessageUtilTest">
    <failure type="java.lang.AssertionError" message="expected [Hi Manisha] but found [Hi!Manisha]">
      <![CDATA[java.lang.AssertionError: expected [Hi Manisha] but found [Hi!Manisha]
	at com.vg.testng.MessageUtilTest.testSalutationMessage(MessageUtilTest.java:21)
... Removed 38 stack frames]]>
    </failure>
  </testcase> <!-- testSalutationMessage -->
</testsuite> <!-- Command line test -->
