<?xml version="1.0" encoding="UTF-8"?>
<!-- Generated by org.testng.reporters.JUnitXMLReporter -->
<testsuite hostname="CIN10089L" name="Default test" tests="5" failures="0" timestamp="25 Apr 2019 06:19:32 GMT" time="0.028" errors="0">
  <testcase name="testPrimeNumberChecker" time="0.005" classname="com.vg.testng.ParamTestWithDataProvider"/>
  <testcase name="testPrimeNumberChecker" time="0.001" classname="com.vg.testng.ParamTestWithDataProvider"/>
  <testcase name="testPrimeNumberChecker" time="0.0" classname="com.vg.testng.ParamTestWithDataProvider"/>
  <testcase name="testPrimeNumberChecker" time="0.001" classname="com.vg.testng.ParamTestWithDataProvider"/>
  <testcase name="testPrimeNumberChecker" time="0.001" classname="com.vg.testng.ParamTestWithDataProvider"/>
</testsuite> <!-- Default test -->
