<?xml version="1.0" encoding="UTF-8"?>
<!-- Generated by org.testng.reporters.JUnitXMLReporter -->
<testsuite hostname="CIN10089L" name="Command line test" tests="4" failures="0" timestamp="25 Apr 2019 05:23:43 GMT" time="0.024" errors="0">
  <testcase name="testPrintMessage" time="0.007" classname="com.vg.testng.GroupTest"/>
  <testcase name="testSalutationMessage" time="0.001" classname="com.vg.testng.GroupTest"/>
  <testcase name="testingExitMessage" time="0.0" classname="com.vg.testng.GroupTest"/>
  <testcase name="testSalutationMessage" time="0.0" classname="com.vg.testng.IgnoreTest"/>
</testsuite> <!-- Command line test -->
