<?xml version="1.0" encoding="UTF-8"?>
<testng-results skipped="0" failed="0" total="4" passed="4">
  <reporter-output>
  </reporter-output>
  <suite name="Command line suite" duration-ms="24" started-at="2019-04-25T05:23:43Z" finished-at="2019-04-25T05:23:43Z">
    <groups>
      <group name="checkintest">
        <method signature="GroupTest.testPrintMessage()[pri:0, instance:com.vg.testng.GroupTest@6b71769e]" name="testPrintMessage" class="com.vg.testng.GroupTest"/>
        <method signature="GroupTest.testSalutationMessage()[pri:0, instance:com.vg.testng.GroupTest@6b71769e]" name="testSalutationMessage" class="com.vg.testng.GroupTest"/>
      </group> <!-- checkintest -->
      <group name="functest">
        <method signature="GroupTest.testPrintMessage()[pri:0, instance:com.vg.testng.GroupTest@6b71769e]" name="testPrintMessage" class="com.vg.testng.GroupTest"/>
        <method signature="GroupTest.testingExitMessage()[pri:0, instance:com.vg.testng.GroupTest@6b71769e]" name="testingExitMessage" class="com.vg.testng.GroupTest"/>
      </group> <!-- functest -->
    </groups>
    <test name="Command line test" duration-ms="24" started-at="2019-04-25T05:23:43Z" finished-at="2019-04-25T05:23:43Z">
      <class name="com.vg.testng.IgnoreTest">
        <test-method status="PASS" signature="testSalutationMessage()[pri:0, instance:com.vg.testng.IgnoreTest@6e8dacdf]" name="testSalutationMessage" duration-ms="0" started-at="2019-04-25T10:53:43Z" finished-at="2019-04-25T10:53:43Z">
          <reporter-output>
          </reporter-output>
        </test-method> <!-- testSalutationMessage -->
      </class> <!-- com.vg.testng.IgnoreTest -->
      <class name="com.vg.testng.GroupTest">
        <test-method status="PASS" signature="testPrintMessage()[pri:0, instance:com.vg.testng.GroupTest@6b71769e]" name="testPrintMessage" duration-ms="7" started-at="2019-04-25T10:53:43Z" finished-at="2019-04-25T10:53:43Z">
          <reporter-output>
          </reporter-output>
        </test-method> <!-- testPrintMessage -->
        <test-method status="PASS" signature="testSalutationMessage()[pri:0, instance:com.vg.testng.GroupTest@6b71769e]" name="testSalutationMessage" duration-ms="1" started-at="2019-04-25T10:53:43Z" finished-at="2019-04-25T10:53:43Z">
          <reporter-output>
          </reporter-output>
        </test-method> <!-- testSalutationMessage -->
        <test-method status="PASS" signature="testingExitMessage()[pri:0, instance:com.vg.testng.GroupTest@6b71769e]" name="testingExitMessage" duration-ms="0" started-at="2019-04-25T10:53:43Z" finished-at="2019-04-25T10:53:43Z">
          <reporter-output>
          </reporter-output>
        </test-method> <!-- testingExitMessage -->
      </class> <!-- com.vg.testng.GroupTest -->
    </test> <!-- Command line test -->
  </suite> <!-- Command line suite -->
</testng-results>
