<?xml version="1.0" encoding="UTF-8"?>
<testng-results skipped="0" failed="0" total="5" passed="5">
  <reporter-output>
  </reporter-output>
  <suite name="Default suite" duration-ms="28" started-at="2019-04-25T06:19:31Z" finished-at="2019-04-25T06:19:31Z">
    <groups>
    </groups>
    <test name="Default test" duration-ms="28" started-at="2019-04-25T06:19:31Z" finished-at="2019-04-25T06:19:31Z">
      <class name="com.vg.testng.ParamTestWithDataProvider">
        <test-method status="PASS" signature="initialize()[pri:0, instance:com.vg.testng.ParamTestWithDataProvider@5afa04c]" name="initialize" is-config="true" duration-ms="5" started-at="2019-04-25T11:49:31Z" finished-at="2019-04-25T11:49:31Z">
          <reporter-output>
          </reporter-output>
        </test-method> <!-- initialize -->
        <test-method status="PASS" signature="testPrimeNumberChecker(java.lang.Integer, java.lang.Boolean)[pri:0, instance:com.vg.testng.ParamTestWithDataProvider@5afa04c]" name="testPrimeNumberChecker" duration-ms="5" started-at="2019-04-25T11:49:31Z" data-provider="test1" finished-at="2019-04-25T11:49:31Z">
          <params>
            <param index="0">
              <value>
                <![CDATA[2]]>
              </value>
            </param>
            <param index="1">
              <value>
                <![CDATA[true]]>
              </value>
            </param>
          </params>
          <reporter-output>
          </reporter-output>
        </test-method> <!-- testPrimeNumberChecker -->
        <test-method status="PASS" signature="testPrimeNumberChecker(java.lang.Integer, java.lang.Boolean)[pri:0, instance:com.vg.testng.ParamTestWithDataProvider@5afa04c]" name="testPrimeNumberChecker" duration-ms="1" started-at="2019-04-25T11:49:31Z" data-provider="test1" finished-at="2019-04-25T11:49:31Z">
          <params>
            <param index="0">
              <value>
                <![CDATA[6]]>
              </value>
            </param>
            <param index="1">
              <value>
                <![CDATA[false]]>
              </value>
            </param>
          </params>
          <reporter-output>
          </reporter-output>
        </test-method> <!-- testPrimeNumberChecker -->
        <test-method status="PASS" signature="initialize()[pri:0, instance:com.vg.testng.ParamTestWithDataProvider@5afa04c]" name="initialize" is-config="true" duration-ms="0" started-at="2019-04-25T11:49:31Z" finished-at="2019-04-25T11:49:31Z">
          <reporter-output>
          </reporter-output>
        </test-method> <!-- initialize -->
        <test-method status="PASS" signature="initialize()[pri:0, instance:com.vg.testng.ParamTestWithDataProvider@5afa04c]" name="initialize" is-config="true" duration-ms="1" started-at="2019-04-25T11:49:31Z" finished-at="2019-04-25T11:49:31Z">
          <reporter-output>
          </reporter-output>
        </test-method> <!-- initialize -->
        <test-method status="PASS" signature="testPrimeNumberChecker(java.lang.Integer, java.lang.Boolean)[pri:0, instance:com.vg.testng.ParamTestWithDataProvider@5afa04c]" name="testPrimeNumberChecker" duration-ms="0" started-at="2019-04-25T11:49:31Z" data-provider="test1" finished-at="2019-04-25T11:49:31Z">
          <params>
            <param index="0">
              <value>
                <![CDATA[19]]>
              </value>
            </param>
            <param index="1">
              <value>
                <![CDATA[true]]>
              </value>
            </param>
          </params>
          <reporter-output>
          </reporter-output>
        </test-method> <!-- testPrimeNumberChecker -->
        <test-method status="PASS" signature="testPrimeNumberChecker(java.lang.Integer, java.lang.Boolean)[pri:0, instance:com.vg.testng.ParamTestWithDataProvider@5afa04c]" name="testPrimeNumberChecker" duration-ms="1" started-at="2019-04-25T11:49:31Z" data-provider="test1" finished-at="2019-04-25T11:49:31Z">
          <params>
            <param index="0">
              <value>
                <![CDATA[22]]>
              </value>
            </param>
            <param index="1">
              <value>
                <![CDATA[false]]>
              </value>
            </param>
          </params>
          <reporter-output>
          </reporter-output>
        </test-method> <!-- testPrimeNumberChecker -->
        <test-method status="PASS" signature="initialize()[pri:0, instance:com.vg.testng.ParamTestWithDataProvider@5afa04c]" name="initialize" is-config="true" duration-ms="0" started-at="2019-04-25T11:49:31Z" finished-at="2019-04-25T11:49:31Z">
          <reporter-output>
          </reporter-output>
        </test-method> <!-- initialize -->
        <test-method status="PASS" signature="initialize()[pri:0, instance:com.vg.testng.ParamTestWithDataProvider@5afa04c]" name="initialize" is-config="true" duration-ms="0" started-at="2019-04-25T11:49:31Z" finished-at="2019-04-25T11:49:31Z">
          <reporter-output>
          </reporter-output>
        </test-method> <!-- initialize -->
        <test-method status="PASS" signature="testPrimeNumberChecker(java.lang.Integer, java.lang.Boolean)[pri:0, instance:com.vg.testng.ParamTestWithDataProvider@5afa04c]" name="testPrimeNumberChecker" duration-ms="1" started-at="2019-04-25T11:49:31Z" data-provider="test1" finished-at="2019-04-25T11:49:31Z">
          <params>
            <param index="0">
              <value>
                <![CDATA[23]]>
              </value>
            </param>
            <param index="1">
              <value>
                <![CDATA[true]]>
              </value>
            </param>
          </params>
          <reporter-output>
          </reporter-output>
        </test-method> <!-- testPrimeNumberChecker -->
      </class> <!-- com.vg.testng.ParamTestWithDataProvider -->
    </test> <!-- Default test -->
  </suite> <!-- Default suite -->
</testng-results>
